<?xml version="1.0" encoding="UTF-8"?>
<testsuite xmlns:xsi="http://www.w3.org/2001/XMLSchema-instance" xsi:noNamespaceSchemaLocation="https://maven.apache.org/surefire/maven-surefire-plugin/xsd/surefire-test-report.xsd" name="ImmutablePropertyTest" time="0.032" tests="4" errors="0" skipped="0" failures="0">
  <properties>
    <property name="sun.desktop" value="windows"/>
    <property name="awt.toolkit" value="sun.awt.windows.WToolkit"/>
    <property name="java.specification.version" value="11"/>
    <property name="sun.cpu.isalist" value="amd64"/>
    <property name="sun.jnu.encoding" value="Cp1252"/>
    <property name="java.class.path" value="C:\Users\Isaac Young\Documents\GitHub\Java-Properties\target\test-classes;C:\Users\Isaac Young\Documents\GitHub\Java-Properties\target\classes;C:\Users\Isaac Young\.m2\repository\org\junit\jupiter\junit-jupiter-api\5.3.1\junit-jupiter-api-5.3.1.jar;C:\Users\Isaac Young\.m2\repository\org\apiguardian\apiguardian-api\1.0.0\apiguardian-api-1.0.0.jar;C:\Users\Isaac Young\.m2\repository\org\opentest4j\opentest4j\1.1.1\opentest4j-1.1.1.jar;C:\Users\Isaac Young\.m2\repository\org\junit\platform\junit-platform-commons\1.3.1\junit-platform-commons-1.3.1.jar;C:\Users\Isaac Young\.m2\repository\org\junit\jupiter\junit-jupiter-engine\5.3.1\junit-jupiter-engine-5.3.1.jar;C:\Users\Isaac Young\.m2\repository\org\junit\platform\junit-platform-engine\1.3.1\junit-platform-engine-1.3.1.jar;"/>
    <property name="java.vm.vendor" value="Amazon.com Inc."/>
    <property name="sun.arch.data.model" value="64"/>
    <property name="user.variant" value=""/>
    <property name="java.vendor.url" value="https://aws.amazon.com/corretto/"/>
    <property name="user.timezone" value="Pacific/Auckland"/>
    <property name="java.vm.specification.version" value="11"/>
    <property name="os.name" value="Windows 10"/>
    <property name="sun.java.launcher" value="SUN_STANDARD"/>
    <property name="user.country" value="NZ"/>
    <property name="sun.boot.library.path" value="C:\Users\Isaac Young\.jdks\corretto-11.0.10\bin"/>
    <property name="sun.java.command" value="C:\Users\ISAACY~1\AppData\Local\Temp\surefire10363998098441256962\surefirebooter15782922434852529003.jar C:\Users\Isaac Young\AppData\Local\Temp\surefire10363998098441256962 2021-10-08T01-53-44_029-jvmRun1 surefire6767641910633735079tmp surefire_06736970107572070721tmp"/>
    <property name="jdk.debug" value="release"/>
    <property name="surefire.test.class.path" value="C:\Users\Isaac Young\Documents\GitHub\Java-Properties\target\test-classes;C:\Users\Isaac Young\Documents\GitHub\Java-Properties\target\classes;C:\Users\Isaac Young\.m2\repository\org\junit\jupiter\junit-jupiter-api\5.3.1\junit-jupiter-api-5.3.1.jar;C:\Users\Isaac Young\.m2\repository\org\apiguardian\apiguardian-api\1.0.0\apiguardian-api-1.0.0.jar;C:\Users\Isaac Young\.m2\repository\org\opentest4j\opentest4j\1.1.1\opentest4j-1.1.1.jar;C:\Users\Isaac Young\.m2\repository\org\junit\platform\junit-platform-commons\1.3.1\junit-platform-commons-1.3.1.jar;C:\Users\Isaac Young\.m2\repository\org\junit\jupiter\junit-jupiter-engine\5.3.1\junit-jupiter-engine-5.3.1.jar;C:\Users\Isaac Young\.m2\repository\org\junit\platform\junit-platform-engine\1.3.1\junit-platform-engine-1.3.1.jar;"/>
    <property name="sun.cpu.endian" value="little"/>
    <property name="user.home" value="C:\Users\Isaac Young"/>
    <property name="user.language" value="en"/>
    <property name="java.specification.vendor" value="Oracle Corporation"/>
    <property name="java.version.date" value="2021-01-19"/>
    <property name="java.home" value="C:\Users\Isaac Young\.jdks\corretto-11.0.10"/>
    <property name="file.separator" value="\"/>
    <property name="basedir" value="C:\Users\Isaac Young\Documents\GitHub\Java-Properties"/>
    <property name="java.vm.compressedOopsMode" value="Zero based"/>
    <property name="line.separator" value="&#10;"/>
    <property name="java.specification.name" value="Java Platform API Specification"/>
    <property name="java.vm.specification.vendor" value="Oracle Corporation"/>
    <property name="java.awt.graphicsenv" value="sun.awt.Win32GraphicsEnvironment"/>
    <property name="surefire.real.class.path" value="C:\Users\ISAACY~1\AppData\Local\Temp\surefire10363998098441256962\surefirebooter15782922434852529003.jar"/>
    <property name="user.script" value=""/>
    <property name="sun.management.compiler" value="HotSpot 64-Bit Tiered Compilers"/>
    <property name="java.runtime.version" value="11.0.10+9-LTS"/>
    <property name="user.name" value="Isaac Young"/>
    <property name="path.separator" value=";"/>
    <property name="os.version" value="10.0"/>
    <property name="java.runtime.name" value="OpenJDK Runtime Environment"/>
    <property name="file.encoding" value="Cp1252"/>
    <property name="java.vm.name" value="OpenJDK 64-Bit Server VM"/>
    <property name="java.vendor.version" value="Corretto-11.0.10.9.1"/>
    <property name="localRepository" value="C:\Users\Isaac Young\.m2\repository"/>
    <property name="java.vendor.url.bug" value="https://github.com/corretto/corretto-11/issues/"/>
    <property name="java.io.tmpdir" value="C:\Users\ISAACY~1\AppData\Local\Temp\"/>
    <property name="idea.version" value="2021.1.2"/>
    <property name="java.version" value="11.0.10"/>
    <property name="user.dir" value="C:\Users\Isaac Young\Documents\GitHub\Java-Properties"/>
    <property name="os.arch" value="amd64"/>
    <property name="java.vm.specification.name" value="Java Virtual Machine Specification"/>
    <property name="java.awt.printerjob" value="sun.awt.windows.WPrinterJob"/>
    <property name="sun.os.patch.level" value=""/>
    <property name="java.library.path" value="C:\Users\Isaac Young\.jdks\corretto-11.0.10\bin;C:\WINDOWS\Sun\Java\bin;C:\WINDOWS\system32;C:\WINDOWS;C:\Python39\Scripts\;C:\Python39\;C:\ProgramData\watcom-1.3\binnt;C:\ProgramData\watcom-1.3\binw;C:\Program Files (x86)\Common Files\Intel\Shared Libraries\redist\intel64\compiler;C:\Windows\system32;C:\Windows;C:\Windows\System32\Wbem;C:\Windows\System32\WindowsPowerShell\v1.0\;C:\Windows\System32\OpenSSH\;c:\program files (x86)\steam\steamapps\iracing;C:\Program Files\Java\jdk-13.0.2\bin;C:\MinGW\bin;C:\Program Files\Git\cmd;C:\Program Files\gnuplot\bin;C:\Program Files (x86)\mingw64\bin;C:\WINDOWS\system32;C:\WINDOWS;C:\WINDOWS\System32\Wbem;C:\WINDOWS\System32\WindowsPowerShell\v1.0\;C:\WINDOWS\System32\OpenSSH\;C:\Program Files\nodejs\;C:\ProgramData\chocolatey\bin;c:\program files (x86)\steam\steamapps\iracing\d3dgear;C:\Program Files\dotnet\;C:\Program Files\PuTTY\;;;;;C:\Users\Isaac Young\AppData\Local\Microsoft\WindowsApps;C:\Users\Isaac Young\AppData\Local\Programs\MiKTeX 2.9\miktex\bin\x64\;C:\Users\Isaac Young\AppData\Local\GitHubDesktop\bin;C:\Users\Isaac Young\AppData\Local\Microsoft\WindowsApps;C:\Users\Isaac Young\AppData\Roaming\npm;C:\Program Files\JetBrains\JetBrains Rider 2021.1.3\bin;;C:\Users\Isaac Young\.dotnet\tools;."/>
    <property name="java.vm.info" value="mixed mode"/>
    <property name="java.vendor" value="Amazon.com Inc."/>
    <property name="java.vm.version" value="11.0.10+9-LTS"/>
    <property name="sun.io.unicode.encoding" value="UnicodeLittle"/>
    <property name="java.class.version" value="55.0"/>
  </properties>
  <testcase name="prop_delegate_property_same_as_object" classname="ImmutablePropertyTest" time="0.007"/>
  <testcase name="empty_property" classname="ImmutablePropertyTest" time="0.002"/>
  <testcase name="Test_property_same_as_primative" classname="ImmutablePropertyTest" time="0.007"/>
  <testcase name="delegate_property_same_as_object" classname="ImmutablePropertyTest" time="0.002"/>
</testsuite>